<?xml version="1.0" encoding="UTF-8"?>
<!-- Generated by org.testng.reporters.JUnitReportReporter -->
<testsuite skipped="0" hostname="LW-AmarT" name="scenarios.ArrearsLease__ReceiptPosting_ByInvoiceEndToEndTest" tests="1" failures="0" timestamp="15 Oct 2017 11:20:26 GMT" time="206.440" errors="0">
  <testcase name="testingArrearsLeaseEndToEnd" time="206.440" classname="scenarios.ArrearsLease__ReceiptPosting_ByInvoiceEndToEndTest"/>
</testsuite> <!-- scenarios.ArrearsLease__ReceiptPosting_ByInvoiceEndToEndTest -->
