<?xml version="1.0" encoding="UTF-8"?>
<!-- Generated by org.testng.reporters.JUnitReportReporter -->
<testsuite skipped="0" hostname="LW-AmarT" name="scenarios.LeaseRebookTest" tests="1" failures="0" timestamp="15 Oct 2017 11:25:57 GMT" time="129.718" errors="0">
  <testcase name="LeaseRebookSmokeTest" time="129.718" classname="scenarios.LeaseRebookTest"/>
</testsuite> <!-- scenarios.LeaseRebookTest -->
