<?xml version="1.0" encoding="UTF-8"?>
<!-- Generated by org.testng.reporters.JUnitReportReporter -->
<testsuite skipped="0" hostname="LW-AmarT" name="scenarios.LeaseBulkCreationTest" tests="3" failures="0" timestamp="09 Oct 2017 08:16:27 GMT" time="281.113" errors="0">
  <testcase name="runAssetBulkCreation" time="56.636" classname="scenarios.LeaseBulkCreationTest"/>
  <testcase name="runAssetBulkValueAssignment" time="50.378" classname="scenarios.LeaseBulkCreationTest"/>
  <testcase name="runLeaseBulkCreation" time="174.099" classname="scenarios.LeaseBulkCreationTest"/>
</testsuite> <!-- scenarios.LeaseBulkCreationTest -->
