<?xml version="1.0" encoding="UTF-8"?>
<!-- Generated by org.testng.reporters.JUnitReportReporter -->
<testsuite skipped="0" hostname="LW-AmarT" name="scenarios.AssetBulkCreationTest" tests="3" failures="0" timestamp="01 Oct 2017 18:36:38 GMT" time="284.123" errors="0">
  <testcase name="runAssetBulkCreation" time="56.819" classname="scenarios.AssetBulkCreationTest"/>
  <testcase name="runAssetBulkValueAssignment" time="57.031" classname="scenarios.AssetBulkCreationTest"/>
  <testcase name="runLeaseBulkCreation" time="170.273" classname="scenarios.AssetBulkCreationTest"/>
</testsuite> <!-- scenarios.AssetBulkCreationTest -->
