<?xml version="1.0" encoding="UTF-8"?>
<!-- Generated by org.testng.reporters.JUnitReportReporter -->
<testsuite skipped="0" hostname="LW-AmarT" name="scenarios.LeaseRestructureTest" tests="1" failures="0" timestamp="15 Oct 2017 11:25:57 GMT" time="174.801" errors="0">
  <testcase name="LeaseRestructureSmokeTest" time="174.801" classname="scenarios.LeaseRestructureTest"/>
</testsuite> <!-- scenarios.LeaseRestructureTest -->
